2019-07-19 00:14:16.050  INFO 99752 --- [restartedMain] c.t.parking_lot.ParkingLotApplication    : Starting ParkingLotApplication on ZHA-ITA028-W10 with PID 99752 (started by LINSA4 in C:\Users\linsa4\Desktop\New folder\Parking-Lot-Template-2019-7-18-8-5-49-775)
2019-07-19 00:14:16.060  INFO 99752 --- [restartedMain] c.t.parking_lot.ParkingLotApplication    : No active profile set, falling back to default profiles: default
2019-07-19 00:14:16.116  INFO 99752 --- [restartedMain] .e.DevToolsPropertyDefaultsPostProcessor : Devtools property defaults active! Set 'spring.devtools.add-properties' to 'false' to disable
2019-07-19 00:14:16.118  INFO 99752 --- [restartedMain] .e.DevToolsPropertyDefaultsPostProcessor : For additional web related logging consider setting the 'logging.level.web' property to 'DEBUG'
2019-07-19 00:14:17.177  INFO 99752 --- [restartedMain] .s.d.r.c.RepositoryConfigurationDelegate : Bootstrapping Spring Data repositories in DEFAULT mode.
2019-07-19 00:14:17.250  INFO 99752 --- [restartedMain] .s.d.r.c.RepositoryConfigurationDelegate : Finished Spring Data repository scanning in 66ms. Found 1 repository interfaces.
2019-07-19 00:14:17.634  INFO 99752 --- [restartedMain] trationDelegate$BeanPostProcessorChecker : Bean 'org.springframework.transaction.annotation.ProxyTransactionManagementConfiguration' of type [org.springframework.transaction.annotation.ProxyTransactionManagementConfiguration$$EnhancerBySpringCGLIB$$d0c4dbdd] is not eligible for getting processed by all BeanPostProcessors (for example: not eligible for auto-proxying)
2019-07-19 00:14:18.312  INFO 99752 --- [restartedMain] o.s.b.w.embedded.tomcat.TomcatWebServer  : Tomcat initialized with port(s): 1111 (http)
2019-07-19 00:14:18.340  INFO 99752 --- [restartedMain] o.apache.catalina.core.StandardService   : Starting service [Tomcat]
2019-07-19 00:14:18.340  INFO 99752 --- [restartedMain] org.apache.catalina.core.StandardEngine  : Starting Servlet engine: [Apache Tomcat/9.0.21]
2019-07-19 00:14:18.475  INFO 99752 --- [restartedMain] o.a.c.c.C.[Tomcat].[localhost].[/]       : Initializing Spring embedded WebApplicationContext
2019-07-19 00:14:18.475 DEBUG 99752 --- [restartedMain] o.s.web.context.ContextLoader            : Published root WebApplicationContext as ServletContext attribute with name [org.springframework.web.context.WebApplicationContext.ROOT]
2019-07-19 00:14:18.475  INFO 99752 --- [restartedMain] o.s.web.context.ContextLoader            : Root WebApplicationContext: initialization completed in 2357 ms
2019-07-19 00:14:18.650  INFO 99752 --- [restartedMain] o.f.c.internal.license.VersionPrinter    : Flyway Community Edition 5.2.4 by Boxfuse
2019-07-19 00:14:18.658  INFO 99752 --- [restartedMain] com.zaxxer.hikari.HikariDataSource       : HikariPool-1 - Starting...
2019-07-19 00:14:18.856  INFO 99752 --- [restartedMain] com.zaxxer.hikari.HikariDataSource       : HikariPool-1 - Start completed.
2019-07-19 00:14:18.861  INFO 99752 --- [restartedMain] o.f.c.internal.database.DatabaseFactory  : Database: jdbc:h2:file:./database/parkingLot (H2 1.4)
2019-07-19 00:14:18.892  WARN 99752 --- [restartedMain] o.f.c.internal.database.base.Database    : Flyway upgrade recommended: H2 1.4.199 is newer than this version of Flyway and support has not been tested.
2019-07-19 00:14:18.946  INFO 99752 --- [restartedMain] o.f.core.internal.command.DbValidate     : Successfully validated 1 migration (execution time 00:00.021s)
2019-07-19 00:14:18.959  INFO 99752 --- [restartedMain] o.f.core.internal.command.DbMigrate      : Current version of schema "PUBLIC": 1
2019-07-19 00:14:18.960  INFO 99752 --- [restartedMain] o.f.core.internal.command.DbMigrate      : Schema "PUBLIC" is up to date. No migration necessary.
2019-07-19 00:14:20.151  INFO 99752 --- [restartedMain] j.LocalContainerEntityManagerFactoryBean : Initialized JPA EntityManagerFactory for persistence unit 'default'
2019-07-19 00:14:20.168  INFO 99752 --- [restartedMain] o.s.b.d.a.OptionalLiveReloadServer       : LiveReload server is running on port 35729
2019-07-19 00:14:20.477 DEBUG 99752 --- [restartedMain] o.s.w.s.handler.SimpleUrlHandlerMapping  : Patterns [/**/favicon.ico] in 'faviconHandlerMapping'
2019-07-19 00:14:20.748  INFO 99752 --- [restartedMain] o.s.s.concurrent.ThreadPoolTaskExecutor  : Initializing ExecutorService 'applicationTaskExecutor'
2019-07-19 00:14:20.757 DEBUG 99752 --- [restartedMain] s.w.s.m.m.a.RequestMappingHandlerAdapter : ControllerAdvice beans: 0 @ModelAttribute, 0 @InitBinder, 1 RequestBodyAdvice, 1 ResponseBodyAdvice
2019-07-19 00:14:20.798  WARN 99752 --- [restartedMain] aWebConfiguration$JpaWebMvcConfiguration : spring.jpa.open-in-view is enabled by default. Therefore, database queries may be performed during view rendering. Explicitly configure spring.jpa.open-in-view to disable this warning
2019-07-19 00:14:20.825 DEBUG 99752 --- [restartedMain] s.w.s.m.m.a.RequestMappingHandlerMapping : 4 mappings in 'requestMappingHandlerMapping'
2019-07-19 00:14:20.837 DEBUG 99752 --- [restartedMain] o.s.w.s.handler.SimpleUrlHandlerMapping  : Patterns [/webjars/**, /**] in 'resourceHandlerMapping'
2019-07-19 00:14:20.848 DEBUG 99752 --- [restartedMain] .m.m.a.ExceptionHandlerExceptionResolver : ControllerAdvice beans: 0 @ExceptionHandler, 1 ResponseBodyAdvice
2019-07-19 00:14:21.023  INFO 99752 --- [restartedMain] o.s.b.w.embedded.tomcat.TomcatWebServer  : Tomcat started on port(s): 1111 (http) with context path ''
2019-07-19 00:14:21.026  INFO 99752 --- [restartedMain] c.t.parking_lot.ParkingLotApplication    : Started ParkingLotApplication in 5.525 seconds (JVM running for 6.113)
2019-07-19 00:14:33.330  INFO 99752 --- [http-nio-1111-exec-1] o.a.c.c.C.[Tomcat].[localhost].[/]       : Initializing Spring DispatcherServlet 'dispatcherServlet'
2019-07-19 00:14:33.331  INFO 99752 --- [http-nio-1111-exec-1] o.s.web.servlet.DispatcherServlet        : Initializing Servlet 'dispatcherServlet'
2019-07-19 00:14:33.331 DEBUG 99752 --- [http-nio-1111-exec-1] o.s.web.servlet.DispatcherServlet        : Detected StandardServletMultipartResolver
2019-07-19 00:14:33.339 DEBUG 99752 --- [http-nio-1111-exec-1] o.s.web.servlet.DispatcherServlet        : enableLoggingRequestDetails='false': request parameters and headers will be masked to prevent unsafe logging of potentially sensitive data
2019-07-19 00:14:33.340  INFO 99752 --- [http-nio-1111-exec-1] o.s.web.servlet.DispatcherServlet        : Completed initialization in 9 ms
2019-07-19 00:14:33.353 DEBUG 99752 --- [http-nio-1111-exec-1] o.s.web.servlet.DispatcherServlet        : POST "/parkinglots", parameters={}
2019-07-19 00:14:33.359 DEBUG 99752 --- [http-nio-1111-exec-1] s.w.s.m.m.a.RequestMappingHandlerMapping : Mapped to public boolean com.thoughtworks.parking_lot.controller.parkingLotController.addParkingLot(com.thoughtworks.parking_lot.entity.ParkingLot)
2019-07-19 00:14:33.442 DEBUG 99752 --- [http-nio-1111-exec-1] m.m.a.RequestResponseBodyMethodProcessor : Read "application/json;charset=UTF-8" to [com.thoughtworks.parking_lot.entity.ParkingLot@49405f86]
2019-07-19 00:14:33.480 ERROR 99752 --- [http-nio-1111-exec-1] o.h.engine.jdbc.spi.SqlExceptionHelper   : Table "PARKING_LOT" not found; SQL statement:
select parkinglot0_.name as name1_0_0_, parkinglot0_.capacity as capacity2_0_0_, parkinglot0_.location as location3_0_0_ from parking_lot parkinglot0_ where parkinglot0_.name=? [42102-199]
2019-07-19 00:14:33.494 DEBUG 99752 --- [http-nio-1111-exec-1] m.m.a.RequestResponseBodyMethodProcessor : Using 'application/json', given [*/*] and supported [application/json, application/*+json, application/json, application/*+json]
2019-07-19 00:14:33.494 DEBUG 99752 --- [http-nio-1111-exec-1] m.m.a.RequestResponseBodyMethodProcessor : Writing [false]
2019-07-19 00:14:33.505 DEBUG 99752 --- [http-nio-1111-exec-1] o.s.web.servlet.DispatcherServlet        : Completed 200 OK
2019-07-19 00:15:20.774 DEBUG 99752 --- [http-nio-1111-exec-3] o.s.web.servlet.DispatcherServlet        : POST "/parkinglots", parameters={}
2019-07-19 00:15:20.775 DEBUG 99752 --- [http-nio-1111-exec-3] s.w.s.m.m.a.RequestMappingHandlerMapping : Mapped to public boolean com.thoughtworks.parking_lot.controller.parkingLotController.addParkingLot(com.thoughtworks.parking_lot.entity.ParkingLot)
2019-07-19 00:15:20.777 DEBUG 99752 --- [http-nio-1111-exec-3] m.m.a.RequestResponseBodyMethodProcessor : Read "application/json;charset=UTF-8" to [com.thoughtworks.parking_lot.entity.ParkingLot@313ff0b]
2019-07-19 00:15:20.779 ERROR 99752 --- [http-nio-1111-exec-3] o.h.engine.jdbc.spi.SqlExceptionHelper   : Table "PARKING_LOT" not found; SQL statement:
select parkinglot0_.name as name1_0_0_, parkinglot0_.capacity as capacity2_0_0_, parkinglot0_.location as location3_0_0_ from parking_lot parkinglot0_ where parkinglot0_.name=? [42102-199]
2019-07-19 00:15:20.784 DEBUG 99752 --- [http-nio-1111-exec-3] m.m.a.RequestResponseBodyMethodProcessor : Using 'application/json', given [*/*] and supported [application/json, application/*+json, application/json, application/*+json]
2019-07-19 00:15:20.784 DEBUG 99752 --- [http-nio-1111-exec-3] m.m.a.RequestResponseBodyMethodProcessor : Writing [false]
2019-07-19 00:15:20.785 DEBUG 99752 --- [http-nio-1111-exec-3] o.s.web.servlet.DispatcherServlet        : Completed 200 OK
2019-07-19 00:15:21.948 DEBUG 99752 --- [http-nio-1111-exec-4] o.s.web.servlet.DispatcherServlet        : POST "/parkinglots", parameters={}
2019-07-19 00:15:21.949 DEBUG 99752 --- [http-nio-1111-exec-4] s.w.s.m.m.a.RequestMappingHandlerMapping : Mapped to public boolean com.thoughtworks.parking_lot.controller.parkingLotController.addParkingLot(com.thoughtworks.parking_lot.entity.ParkingLot)
2019-07-19 00:15:21.950 DEBUG 99752 --- [http-nio-1111-exec-4] m.m.a.RequestResponseBodyMethodProcessor : Read "application/json;charset=UTF-8" to [com.thoughtworks.parking_lot.entity.ParkingLot@70204cff]
2019-07-19 00:15:21.951 ERROR 99752 --- [http-nio-1111-exec-4] o.h.engine.jdbc.spi.SqlExceptionHelper   : Table "PARKING_LOT" not found; SQL statement:
select parkinglot0_.name as name1_0_0_, parkinglot0_.capacity as capacity2_0_0_, parkinglot0_.location as location3_0_0_ from parking_lot parkinglot0_ where parkinglot0_.name=? [42102-199]
2019-07-19 00:15:21.957 DEBUG 99752 --- [http-nio-1111-exec-4] m.m.a.RequestResponseBodyMethodProcessor : Using 'application/json', given [*/*] and supported [application/json, application/*+json, application/json, application/*+json]
2019-07-19 00:15:21.957 DEBUG 99752 --- [http-nio-1111-exec-4] m.m.a.RequestResponseBodyMethodProcessor : Writing [false]
2019-07-19 00:15:21.958 DEBUG 99752 --- [http-nio-1111-exec-4] o.s.web.servlet.DispatcherServlet        : Completed 200 OK
2019-07-19 00:18:11.230  INFO 93192 --- [restartedMain] c.t.parking_lot.ParkingLotApplication    : Starting ParkingLotApplication on ZHA-ITA028-W10 with PID 93192 (started by LINSA4 in C:\Users\linsa4\Desktop\New folder\Parking-Lot-Template-2019-7-18-8-5-49-775)
2019-07-19 00:18:11.233  INFO 93192 --- [restartedMain] c.t.parking_lot.ParkingLotApplication    : No active profile set, falling back to default profiles: default
2019-07-19 00:18:11.310  INFO 93192 --- [restartedMain] .e.DevToolsPropertyDefaultsPostProcessor : Devtools property defaults active! Set 'spring.devtools.add-properties' to 'false' to disable
2019-07-19 00:18:11.312  INFO 93192 --- [restartedMain] .e.DevToolsPropertyDefaultsPostProcessor : For additional web related logging consider setting the 'logging.level.web' property to 'DEBUG'
2019-07-19 00:18:12.536  INFO 93192 --- [restartedMain] .s.d.r.c.RepositoryConfigurationDelegate : Bootstrapping Spring Data repositories in DEFAULT mode.
2019-07-19 00:18:12.619  INFO 93192 --- [restartedMain] .s.d.r.c.RepositoryConfigurationDelegate : Finished Spring Data repository scanning in 73ms. Found 1 repository interfaces.
2019-07-19 00:18:13.058  INFO 93192 --- [restartedMain] trationDelegate$BeanPostProcessorChecker : Bean 'org.springframework.transaction.annotation.ProxyTransactionManagementConfiguration' of type [org.springframework.transaction.annotation.ProxyTransactionManagementConfiguration$$EnhancerBySpringCGLIB$$bc58e7e3] is not eligible for getting processed by all BeanPostProcessors (for example: not eligible for auto-proxying)
2019-07-19 00:18:13.781  INFO 93192 --- [restartedMain] o.s.b.w.embedded.tomcat.TomcatWebServer  : Tomcat initialized with port(s): 1111 (http)
2019-07-19 00:18:13.881  INFO 93192 --- [restartedMain] o.apache.catalina.core.StandardService   : Starting service [Tomcat]
2019-07-19 00:18:13.881  INFO 93192 --- [restartedMain] org.apache.catalina.core.StandardEngine  : Starting Servlet engine: [Apache Tomcat/9.0.21]
2019-07-19 00:18:14.045  INFO 93192 --- [restartedMain] o.a.c.c.C.[Tomcat].[localhost].[/]       : Initializing Spring embedded WebApplicationContext
2019-07-19 00:18:14.045 DEBUG 93192 --- [restartedMain] o.s.web.context.ContextLoader            : Published root WebApplicationContext as ServletContext attribute with name [org.springframework.web.context.WebApplicationContext.ROOT]
2019-07-19 00:18:14.046  INFO 93192 --- [restartedMain] o.s.web.context.ContextLoader            : Root WebApplicationContext: initialization completed in 2733 ms
2019-07-19 00:18:14.244  INFO 93192 --- [restartedMain] o.f.c.internal.license.VersionPrinter    : Flyway Community Edition 5.2.4 by Boxfuse
2019-07-19 00:18:14.254  INFO 93192 --- [restartedMain] com.zaxxer.hikari.HikariDataSource       : HikariPool-1 - Starting...
2019-07-19 00:18:14.478  INFO 93192 --- [restartedMain] com.zaxxer.hikari.HikariDataSource       : HikariPool-1 - Start completed.
2019-07-19 00:18:14.484  INFO 93192 --- [restartedMain] o.f.c.internal.database.DatabaseFactory  : Database: jdbc:h2:file:./database/parkingLot (H2 1.4)
2019-07-19 00:18:14.510  WARN 93192 --- [restartedMain] o.f.c.internal.database.base.Database    : Flyway upgrade recommended: H2 1.4.199 is newer than this version of Flyway and support has not been tested.
2019-07-19 00:18:14.564  INFO 93192 --- [restartedMain] o.f.core.internal.command.DbValidate     : Successfully validated 2 migrations (execution time 00:00.022s)
2019-07-19 00:18:14.576  INFO 93192 --- [restartedMain] o.f.core.internal.command.DbMigrate      : Current version of schema "PUBLIC": 2
2019-07-19 00:18:14.577  INFO 93192 --- [restartedMain] o.f.core.internal.command.DbMigrate      : Schema "PUBLIC" is up to date. No migration necessary.
2019-07-19 00:18:15.700  INFO 93192 --- [restartedMain] j.LocalContainerEntityManagerFactoryBean : Initialized JPA EntityManagerFactory for persistence unit 'default'
2019-07-19 00:18:15.716  INFO 93192 --- [restartedMain] o.s.b.d.a.OptionalLiveReloadServer       : LiveReload server is running on port 35729
2019-07-19 00:18:16.020 DEBUG 93192 --- [restartedMain] o.s.w.s.handler.SimpleUrlHandlerMapping  : Patterns [/**/favicon.ico] in 'faviconHandlerMapping'
2019-07-19 00:18:16.315  INFO 93192 --- [restartedMain] o.s.s.concurrent.ThreadPoolTaskExecutor  : Initializing ExecutorService 'applicationTaskExecutor'
2019-07-19 00:18:16.323 DEBUG 93192 --- [restartedMain] s.w.s.m.m.a.RequestMappingHandlerAdapter : ControllerAdvice beans: 0 @ModelAttribute, 0 @InitBinder, 1 RequestBodyAdvice, 1 ResponseBodyAdvice
2019-07-19 00:18:16.366  WARN 93192 --- [restartedMain] aWebConfiguration$JpaWebMvcConfiguration : spring.jpa.open-in-view is enabled by default. Therefore, database queries may be performed during view rendering. Explicitly configure spring.jpa.open-in-view to disable this warning
2019-07-19 00:18:16.393 DEBUG 93192 --- [restartedMain] s.w.s.m.m.a.RequestMappingHandlerMapping : 4 mappings in 'requestMappingHandlerMapping'
2019-07-19 00:18:16.403 DEBUG 93192 --- [restartedMain] o.s.w.s.handler.SimpleUrlHandlerMapping  : Patterns [/webjars/**, /**] in 'resourceHandlerMapping'
2019-07-19 00:18:16.410 DEBUG 93192 --- [restartedMain] .m.m.a.ExceptionHandlerExceptionResolver : ControllerAdvice beans: 0 @ExceptionHandler, 1 ResponseBodyAdvice
2019-07-19 00:18:16.602  INFO 93192 --- [restartedMain] o.s.b.w.embedded.tomcat.TomcatWebServer  : Tomcat started on port(s): 1111 (http) with context path ''
2019-07-19 00:18:16.605  INFO 93192 --- [restartedMain] c.t.parking_lot.ParkingLotApplication    : Started ParkingLotApplication in 6.008 seconds (JVM running for 6.813)
2019-07-19 00:18:17.174  INFO 93192 --- [http-nio-1111-exec-4] o.a.c.c.C.[Tomcat].[localhost].[/]       : Initializing Spring DispatcherServlet 'dispatcherServlet'
2019-07-19 00:18:17.174  INFO 93192 --- [http-nio-1111-exec-4] o.s.web.servlet.DispatcherServlet        : Initializing Servlet 'dispatcherServlet'
2019-07-19 00:18:17.175 DEBUG 93192 --- [http-nio-1111-exec-4] o.s.web.servlet.DispatcherServlet        : Detected StandardServletMultipartResolver
2019-07-19 00:18:17.191 DEBUG 93192 --- [http-nio-1111-exec-4] o.s.web.servlet.DispatcherServlet        : enableLoggingRequestDetails='false': request parameters and headers will be masked to prevent unsafe logging of potentially sensitive data
2019-07-19 00:18:17.213  INFO 93192 --- [http-nio-1111-exec-4] o.s.web.servlet.DispatcherServlet        : Completed initialization in 39 ms
2019-07-19 00:18:17.220 DEBUG 93192 --- [http-nio-1111-exec-4] o.s.web.servlet.DispatcherServlet        : GET "/favicon.ico", parameters={}
2019-07-19 00:18:17.224 DEBUG 93192 --- [http-nio-1111-exec-4] o.s.w.s.handler.SimpleUrlHandlerMapping  : Mapped to ResourceHttpRequestHandler [class path resource [META-INF/resources/], class path resource [resources/], class path resource [static/], class path resource [public/], ServletContext resource [/], class path resource []]
2019-07-19 00:18:17.231 DEBUG 93192 --- [http-nio-1111-exec-4] o.s.web.servlet.DispatcherServlet        : Completed 304 NOT_MODIFIED
2019-07-19 00:18:17.293 DEBUG 93192 --- [http-nio-1111-exec-7] o.s.web.servlet.DispatcherServlet        : GET "/favicon.ico", parameters={}
2019-07-19 00:18:17.293 DEBUG 93192 --- [http-nio-1111-exec-7] o.s.w.s.handler.SimpleUrlHandlerMapping  : Mapped to ResourceHttpRequestHandler [class path resource [META-INF/resources/], class path resource [resources/], class path resource [static/], class path resource [public/], ServletContext resource [/], class path resource []]
2019-07-19 00:18:17.315 DEBUG 93192 --- [http-nio-1111-exec-7] o.s.web.servlet.DispatcherServlet        : Completed 200 OK
2019-07-19 00:18:24.604 DEBUG 93192 --- [http-nio-1111-exec-1] o.s.web.servlet.DispatcherServlet        : POST "/parkinglots", parameters={}
2019-07-19 00:18:24.606 DEBUG 93192 --- [http-nio-1111-exec-1] s.w.s.m.m.a.RequestMappingHandlerMapping : Mapped to public boolean com.thoughtworks.parking_lot.controller.parkingLotController.addParkingLot(com.thoughtworks.parking_lot.entity.ParkingLot)
2019-07-19 00:18:24.685 DEBUG 93192 --- [http-nio-1111-exec-1] m.m.a.RequestResponseBodyMethodProcessor : Read "application/json;charset=UTF-8" to [com.thoughtworks.parking_lot.entity.ParkingLot@2e08c98a]
2019-07-19 00:18:24.769 DEBUG 93192 --- [http-nio-1111-exec-1] m.m.a.RequestResponseBodyMethodProcessor : Using 'application/json', given [*/*] and supported [application/json, application/*+json, application/json, application/*+json]
2019-07-19 00:18:24.770 DEBUG 93192 --- [http-nio-1111-exec-1] m.m.a.RequestResponseBodyMethodProcessor : Writing [true]
2019-07-19 00:18:24.776 DEBUG 93192 --- [http-nio-1111-exec-1] o.s.web.servlet.DispatcherServlet        : Completed 200 OK
2019-07-19 00:24:31.372  INFO 96088 --- [main] c.t.p.r.ParkingLotRepositoryTest         : Starting ParkingLotRepositoryTest on ZHA-ITA028-W10 with PID 96088 (started by LINSA4 in C:\Users\linsa4\Desktop\New folder\Parking-Lot-Template-2019-7-18-8-5-49-775)
2019-07-19 00:24:31.374  INFO 96088 --- [main] c.t.p.r.ParkingLotRepositoryTest         : No active profile set, falling back to default profiles: default
2019-07-19 00:24:31.874  INFO 96088 --- [main] .s.d.r.c.RepositoryConfigurationDelegate : Bootstrapping Spring Data repositories in DEFAULT mode.
2019-07-19 00:24:31.942  INFO 96088 --- [main] .s.d.r.c.RepositoryConfigurationDelegate : Finished Spring Data repository scanning in 59ms. Found 1 repository interfaces.
2019-07-19 00:24:31.984  INFO 96088 --- [main] beddedDataSourceBeanFactoryPostProcessor : Replacing 'dataSource' DataSource bean with embedded version
2019-07-19 00:24:32.477  INFO 96088 --- [main] o.s.j.d.e.EmbeddedDatabaseFactory        : Starting embedded database: url='jdbc:h2:mem:8dec7e71-1b4e-42c3-8717-b23ff4aa5de4;DB_CLOSE_DELAY=-1;DB_CLOSE_ON_EXIT=false', username='sa'
2019-07-19 00:24:34.054  INFO 96088 --- [main] j.LocalContainerEntityManagerFactoryBean : Initialized JPA EntityManagerFactory for persistence unit 'default'
2019-07-19 00:24:34.457  INFO 96088 --- [main] c.t.p.r.ParkingLotRepositoryTest         : Started ParkingLotRepositoryTest in 3.53 seconds (JVM running for 4.814)
2019-07-19 00:24:34.480  INFO 96088 --- [main] o.s.t.c.transaction.TransactionContext   : Began transaction (1) for test context [DefaultTestContext@3bd40a57 testClass = ParkingLotRepositoryTest, testInstance = com.thoughtworks.parking_lot.repository.ParkingLotRepositoryTest@197d671, testMethod = should_return_size_when_call_add_parking_lot_given_parkinglot@ParkingLotRepositoryTest, testException = [null], mergedContextConfiguration = [MergedContextConfiguration@fdefd3f testClass = ParkingLotRepositoryTest, locations = '{}', classes = '{class com.thoughtworks.parking_lot.ParkingLotApplication}', contextInitializerClasses = '[]', activeProfiles = '{}', propertySourceLocations = '{}', propertySourceProperties = '{org.springframework.boot.test.autoconfigure.orm.jpa.DataJpaTestContextBootstrapper=true}', contextCustomizers = set[org.springframework.boot.test.autoconfigure.OverrideAutoConfigurationContextCustomizerFactory$DisableAutoConfigurationContextCustomizer@5f3a4b84, org.springframework.boot.test.autoconfigure.filter.TypeExcludeFiltersContextCustomizer@351584c0, org.springframework.boot.test.autoconfigure.properties.PropertyMappingContextCustomizer@724ca25a, org.springframework.boot.test.autoconfigure.web.servlet.WebDriverContextCustomizerFactory$Customizer@462d5aee, [ImportsContextCustomizer@d83da2e key = [org.springframework.boot.autoconfigure.cache.CacheAutoConfiguration, org.springframework.boot.autoconfigure.data.jpa.JpaRepositoriesAutoConfiguration, org.springframework.boot.autoconfigure.flyway.FlywayAutoConfiguration, org.springframework.boot.autoconfigure.jdbc.DataSourceAutoConfiguration, org.springframework.boot.autoconfigure.jdbc.DataSourceTransactionManagerAutoConfiguration, org.springframework.boot.autoconfigure.jdbc.JdbcTemplateAutoConfiguration, org.springframework.boot.autoconfigure.liquibase.LiquibaseAutoConfiguration, org.springframework.boot.autoconfigure.orm.jpa.HibernateJpaAutoConfiguration, org.springframework.boot.autoconfigure.transaction.TransactionAutoConfiguration, org.springframework.boot.test.autoconfigure.jdbc.TestDatabaseAutoConfiguration, org.springframework.boot.test.autoconfigure.orm.jpa.TestEntityManagerAutoConfiguration]], org.springframework.boot.test.context.filter.ExcludeFilterContextCustomizer@396e2f39, org.springframework.boot.test.json.DuplicateJsonObjectContextCustomizerFactory$DuplicateJsonObjectContextCustomizer@7e0e6aa2, org.springframework.boot.test.mock.mockito.MockitoContextCustomizer@0], contextLoader = 'org.springframework.boot.test.context.SpringBootContextLoader', parent = [null]], attributes = map[[empty]]]; transaction manager [org.springframework.orm.jpa.JpaTransactionManager@500051c5]; rollback [true]
2019-07-19 00:24:34.798  INFO 96088 --- [main] o.s.t.c.transaction.TransactionContext   : Rolled back transaction for test: [DefaultTestContext@3bd40a57 testClass = ParkingLotRepositoryTest, testInstance = com.thoughtworks.parking_lot.repository.ParkingLotRepositoryTest@197d671, testMethod = should_return_size_when_call_add_parking_lot_given_parkinglot@ParkingLotRepositoryTest, testException = [null], mergedContextConfiguration = [MergedContextConfiguration@fdefd3f testClass = ParkingLotRepositoryTest, locations = '{}', classes = '{class com.thoughtworks.parking_lot.ParkingLotApplication}', contextInitializerClasses = '[]', activeProfiles = '{}', propertySourceLocations = '{}', propertySourceProperties = '{org.springframework.boot.test.autoconfigure.orm.jpa.DataJpaTestContextBootstrapper=true}', contextCustomizers = set[org.springframework.boot.test.autoconfigure.OverrideAutoConfigurationContextCustomizerFactory$DisableAutoConfigurationContextCustomizer@5f3a4b84, org.springframework.boot.test.autoconfigure.filter.TypeExcludeFiltersContextCustomizer@351584c0, org.springframework.boot.test.autoconfigure.properties.PropertyMappingContextCustomizer@724ca25a, org.springframework.boot.test.autoconfigure.web.servlet.WebDriverContextCustomizerFactory$Customizer@462d5aee, [ImportsContextCustomizer@d83da2e key = [org.springframework.boot.autoconfigure.cache.CacheAutoConfiguration, org.springframework.boot.autoconfigure.data.jpa.JpaRepositoriesAutoConfiguration, org.springframework.boot.autoconfigure.flyway.FlywayAutoConfiguration, org.springframework.boot.autoconfigure.jdbc.DataSourceAutoConfiguration, org.springframework.boot.autoconfigure.jdbc.DataSourceTransactionManagerAutoConfiguration, org.springframework.boot.autoconfigure.jdbc.JdbcTemplateAutoConfiguration, org.springframework.boot.autoconfigure.liquibase.LiquibaseAutoConfiguration, org.springframework.boot.autoconfigure.orm.jpa.HibernateJpaAutoConfiguration, org.springframework.boot.autoconfigure.transaction.TransactionAutoConfiguration, org.springframework.boot.test.autoconfigure.jdbc.TestDatabaseAutoConfiguration, org.springframework.boot.test.autoconfigure.orm.jpa.TestEntityManagerAutoConfiguration]], org.springframework.boot.test.context.filter.ExcludeFilterContextCustomizer@396e2f39, org.springframework.boot.test.json.DuplicateJsonObjectContextCustomizerFactory$DuplicateJsonObjectContextCustomizer@7e0e6aa2, org.springframework.boot.test.mock.mockito.MockitoContextCustomizer@0], contextLoader = 'org.springframework.boot.test.context.SpringBootContextLoader', parent = [null]], attributes = map[[empty]]]
2019-07-19 00:24:34.805  INFO 96088 --- [Thread-3] j.LocalContainerEntityManagerFactoryBean : Closing JPA EntityManagerFactory for persistence unit 'default'
